<?xml version="1.0" encoding="UTF-8"?>
<!-- Generated by org.testng.reporters.JUnitXMLReporter -->
<testsuite ignored="1" hostname="LapWinX-DAC104" failures="1" tests="2" name="Test-NegativeLogin" time="15.741" errors="0" timestamp="2022-06-01T11:55:47 GST">
  <testcase classname="TestFunctions.ApplicationLandingPage" name="verifyLandingPage" time="6.617"/>
  <testcase classname="TestFunctions.ApplicationLoginNegative" name="Login_Employee_NegativeValidation" time="6.161">
    <failure type="java.lang.AssertionError" message="null">
      <![CDATA[java.lang.AssertionError: null
at TestFunctions.ApplicationLoginNegative.Login_Employee_NegativeValidation(ApplicationLoginNegative.java:54)
at java.base/java.util.ArrayList.forEach(ArrayList.java:1511)
... Removed 29 stack frames]]>
    </failure>
  </testcase> <!-- Login_Employee_NegativeValidation -->
  <testcase classname="Common.BaseClass" name="@BeforeSuite initDriver" time="0.0">
    <ignored/>
  </testcase> <!-- @BeforeSuite initDriver -->
</testsuite> <!-- Test-NegativeLogin -->
