<?xml version="1.0" encoding="UTF-8"?>
<!-- Generated by org.testng.reporters.JUnitXMLReporter -->
<testsuite ignored="2" hostname="LapWinX-DAC104" failures="2" tests="3" name="Test" time="20.017" errors="0" timestamp="2022-05-29T17:59:59 GST">
  <testcase classname="TestFunctions.ApplicationLandingPage" name="verifyLandingPage" time="4.809"/>
  <testcase classname="TestFunctions.ApplicationLoginNegative" name="Login_Employee_NegativeValidation" time="6.412">
    <failure type="java.lang.AssertionError" message="expected [The username or password you entered is incorrec] but found [The username or password you entered is incorrect]">
      <![CDATA[java.lang.AssertionError: expected [The username or password you entered is incorrec] but found [The username or password you entered is incorrect]
at TestFunctions.ApplicationLoginNegative.Login_Employee_NegativeValidation(ApplicationLoginNegative.java:43)
at java.base/java.util.ArrayList.forEach(ArrayList.java:1511)
... Removed 33 stack frames]]>
    </failure>
  </testcase> <!-- Login_Employee_NegativeValidation -->
  <testcase classname="TestFunctions.ApplicationLogin" name="Login_Employee" time="8.691">
    <failure type="org.openqa.selenium.NoSuchElementException" message="Cannot locate an element using xpath=//li[@class=&amp;apos;tpl_upgrade&amp;apos;]/following-sibling::li[5]/child::a
For documentation on this error, please visit: https://www.seleniumhq.org/exceptions/no_such_element.html
Build info: version: &amp;apos;3.141.59&amp;apos;, revision: &amp;apos;e82be7d358&amp;apos;, time: &amp;apos;2018-11-14T08:17:03&amp;apos;
System info: host: &amp;apos;LAPWINX-DAC104&amp;apos;, ip: &amp;apos;192.168.100.244&amp;apos;, os.name: &amp;apos;Windows 10&amp;apos;, os.arch: &amp;apos;amd64&amp;apos;, os.version: &amp;apos;10.0&amp;apos;, java.version: &amp;apos;16.0.2&amp;apos;
Driver info: driver.version: RemoteWebDriver">
      <![CDATA[org.openqa.selenium.NoSuchElementException: Cannot locate an element using xpath=//li[@class='tpl_upgrade']/following-sibling::li[5]/child::a
For documentation on this error, please visit: https://www.seleniumhq.org/exceptions/no_such_element.html
Build info: version: '3.141.59', revision: 'e82be7d358', time: '2018-11-14T08:17:03'
System info: host: 'LAPWINX-DAC104', ip: '192.168.100.244', os.name: 'Windows 10', os.arch: 'amd64', os.version: '10.0', java.version: '16.0.2'
Driver info: driver.version: RemoteWebDriver
at org.openqa.selenium.remote.RemoteWebDriver.findElement(RemoteWebDriver.java:327)
at org.openqa.selenium.remote.RemoteWebDriver.findElementByXPath(RemoteWebDriver.java:428)
at org.openqa.selenium.By$ByXPath.findElement(By.java:353)
at org.openqa.selenium.remote.RemoteWebDriver.findElement(RemoteWebDriver.java:315)
at org.openqa.selenium.support.pagefactory.DefaultElementLocator.findElement(DefaultElementLocator.java:69)
at org.openqa.selenium.support.pagefactory.internal.LocatingElementHandler.invoke(LocatingElementHandler.java:38)
at jdk.proxy2/jdk.proxy2.$Proxy12.click(Unknown Source)
at TestFunctions.ApplicationLogin.Login_Employee(ApplicationLogin.java:30)
at java.base/java.util.ArrayList.forEach(ArrayList.java:1511)
... Removed 27 stack frames]]>
    </failure>
  </testcase> <!-- Login_Employee -->
  <testcase classname="Common.BaseClass" name="@BeforeSuite initDriver" time="0.0">
    <ignored/>
  </testcase> <!-- @BeforeSuite initDriver -->
  <testcase classname="Common.BaseClass" name="@BeforeSuite initDriver" time="0.0">
    <ignored/>
  </testcase> <!-- @BeforeSuite initDriver -->
</testsuite> <!-- Test -->
